#
# There is insufficient memory for the Java Runtime Environment to continue.
# Native memory allocation (mmap) failed to map 536870912 bytes for G1 virtual space
# Possible reasons:
#   The system is out of physical RAM or swap space
#   The process is running with CompressedOops enabled, and the Java Heap may be blocking the growth of the native heap
# Possible solutions:
#   Reduce memory load on the system
#   Increase physical memory or swap space
#   Check if swap backing store is full
#   Decrease Java heap size (-Xmx/-Xms)
#   Decrease number of Java threads
#   Decrease Java thread stack sizes (-Xss)
#   Set larger code cache with -XX:ReservedCodeCacheSize=
#   JVM is running with Zero Based Compressed Oops mode in which the Java heap is
#     placed in the first 32GB address space. The Java Heap base address is the
#     maximum limit for the native heap growth. Please use -XX:HeapBaseMinAddress
#     to set the Java Heap base and to place the Java Heap above 32GB virtual address.
# This output file may be truncated or incomplete.
#
#  Out of Memory Error (os_windows.cpp:3825), pid=58420, tid=62988
#
# JRE version:  (17.0.10+1) (build )
# Java VM: OpenJDK 64-Bit Server VM (17.0.10+1-b1087.23, mixed mode, sharing, tiered, compressed oops, compressed class ptrs, g1 gc, windows-amd64)
# No core dump will be written. Minidumps are not enabled by default on client versions of Windows
#

---------------  S U M M A R Y ------------

Command Line: git4idea.http.GitAskPassApp Username for 'https://github.com': 

Host: AMD Ryzen 5 5600X 6-Core Processor             , 12 cores, 31G,  Windows 11 , 64 bit Build 22621 (10.0.22621.3374)
Time: Mon Apr 15 22:27:09 2024 Eastern Daylight Time elapsed time: 0.009662 seconds (0d 0h 0m 0s)

---------------  T H R E A D  ---------------

Current thread (0x0000014cfadce600):  JavaThread "Unknown thread" [_thread_in_vm, id=62988, stack(0x0000002977500000,0x0000002977600000)]

Stack: [0x0000002977500000,0x0000002977600000]
Native frames: (J=compiled Java code, j=interpreted, Vv=VM code, C=native code)
V  [jvm.dll+0x688a29]
V  [jvm.dll+0x84216a]
V  [jvm.dll+0x843dae]
V  [jvm.dll+0x844413]
V  [jvm.dll+0x24ba8f]
V  [jvm.dll+0x6857f9]
V  [jvm.dll+0x67a0aa]
V  [jvm.dll+0x30c7eb]
V  [jvm.dll+0x313c96]
V  [jvm.dll+0x363a2e]
V  [jvm.dll+0x363c5f]
V  [jvm.dll+0x2e25b8]
V  [jvm.dll+0x2e3524]
V  [jvm.dll+0x812cd1]
V  [jvm.dll+0x3718e1]
V  [jvm.dll+0x7f1836]
V  [jvm.dll+0x3f553f]
V  [jvm.dll+0x3f7171]
C  [jli.dll+0x528f]
C  [ucrtbase.dll+0x29333]
C  [KERNEL32.DLL+0x1257d]
C  [ntdll.dll+0x5aa48]


---------------  P R O C E S S  ---------------

Threads class SMR info:
_java_thread_list=0x00007ff83c52ef58, length=0, elements={
}

Java Threads: ( => current thread )

Other Threads:
  0x0000014cfae7e1a0 GCTaskThread "GC Thread#0" [stack: 0x0000002977600000,0x0000002977700000] [id=66516]
  0x0000014cffab0270 ConcurrentGCThread "G1 Main Marker" [stack: 0x0000002977700000,0x0000002977800000] [id=9488]
  0x0000014cffab1340 ConcurrentGCThread "G1 Conc#0" [stack: 0x0000002977800000,0x0000002977900000] [id=65656]

[error occurred during error reporting (printing all threads), id 0xc0000005, EXCEPTION_ACCESS_VIOLATION (0xc0000005) at pc=0x00007ff83bce3187]

VM state: not at safepoint (not fully initialized)

VM Mutex/Monitor currently owned by a thread:  ([mutex/lock_event])
[0x0000014cfadc8940] Heap_lock - owner thread: 0x0000014cfadce600

Heap address: 0x0000000601000000, size: 8176 MB, Compressed Oops mode: Zero based, Oop shift amount: 3

CDS archive(s) mapped at: [0x0000000000000000-0x0000000000000000-0x0000000000000000), size 0, SharedBaseAddress: 0x0000000800000000, ArchiveRelocationMode: 1.
Narrow klass base: 0x0000000000000000, Narrow klass shift: 0, Narrow klass range: 0x0

GC Precious Log:
<Empty>

Heap:
 garbage-first heap   total 0K, used 0K [0x0000000601000000, 0x0000000800000000)
  region size 4096K, 0 young (0K), 0 survivors (0K)
 Metaspace       used 0K, committed 0K, reserved 0K
  class space    used 0K, committed 0K, reserved 0K

Heap Regions: E=young(eden), S=young(survivor), O=old, HS=humongous(starts), HC=humongous(continues), CS=collection set, F=free, OA=open archive, CA=closed archive, TAMS=top-at-mark-start (previous, next)

Card table byte_map: [0x0000014c8f000000,0x0000014c90000000] _byte_map_base: 0x0000014c8bff8000

Marking Bits (Prev, Next): (CMBitMap*) 0x0000014cfae7e7c0, (CMBitMap*) 0x0000014cfae7e800
 Prev Bits: [0x0000014c91000000, 0x0000014c98fc0000)
 Next Bits: [0x0000014c98fc0000, 0x0000014ca0f80000)

GC Heap History (0 events):
No events

Dll operation events (1 events):
Event: 0.006 Loaded shared library C:\Program Files\JetBrains\WebStorm 2023.3.4\jbr\bin\java.dll

Deoptimization events (0 events):
No events

Classes unloaded (0 events):
No events

Classes redefined (0 events):
No events

Internal exceptions (0 events):
No events

VM Operations (0 events):
No events

Events (0 events):
No events


Dynamic libraries:
0x00007ff731d60000 - 0x00007ff731d6a000 	C:\Program Files\JetBrains\WebStorm 2023.3.4\jbr\bin\java.exe
0x00007ff8d44f0000 - 0x00007ff8d4706000 	C:\WINDOWS\SYSTEM32\ntdll.dll
0x00007ff8d38c0000 - 0x00007ff8d3984000 	C:\WINDOWS\System32\KERNEL32.DLL
0x00007ff8d1dd0000 - 0x00007ff8d2177000 	C:\WINDOWS\System32\KERNELBASE.dll
0x00007ff8d1840000 - 0x00007ff8d1951000 	C:\WINDOWS\System32\ucrtbase.dll
0x00007ff8a6c50000 - 0x00007ff8a6c67000 	C:\Program Files\JetBrains\WebStorm 2023.3.4\jbr\bin\jli.dll
0x00007ff8d39a0000 - 0x00007ff8d3b4e000 	C:\WINDOWS\System32\USER32.dll
0x00007ff8a8130000 - 0x00007ff8a814b000 	C:\Program Files\JetBrains\WebStorm 2023.3.4\jbr\bin\VCRUNTIME140.dll
0x00007ff8d1c30000 - 0x00007ff8d1c56000 	C:\WINDOWS\System32\win32u.dll
0x00007ff8af8b0000 - 0x00007ff8afb43000 	C:\WINDOWS\WinSxS\amd64_microsoft.windows.common-controls_6595b64144ccf1df_6.0.22621.3235_none_270f74e173860f98\COMCTL32.dll
0x00007ff8d3df0000 - 0x00007ff8d3e19000 	C:\WINDOWS\System32\GDI32.dll
0x00007ff8d3f20000 - 0x00007ff8d3fc7000 	C:\WINDOWS\System32\msvcrt.dll
0x00007ff8d1b10000 - 0x00007ff8d1c29000 	C:\WINDOWS\System32\gdi32full.dll
0x00007ff8d2180000 - 0x00007ff8d221a000 	C:\WINDOWS\System32\msvcp_win.dll
0x00007ff8d3c30000 - 0x00007ff8d3c61000 	C:\WINDOWS\System32\IMM32.DLL
0x00007ff8cec80000 - 0x00007ff8cec8c000 	C:\Program Files\JetBrains\WebStorm 2023.3.4\jbr\bin\vcruntime140_1.dll
0x00007ff88f6f0000 - 0x00007ff88f77d000 	C:\Program Files\JetBrains\WebStorm 2023.3.4\jbr\bin\msvcp140.dll
0x00007ff83b9f0000 - 0x00007ff83c673000 	C:\Program Files\JetBrains\WebStorm 2023.3.4\jbr\bin\server\jvm.dll
0x00007ff8d37e0000 - 0x00007ff8d3892000 	C:\WINDOWS\System32\ADVAPI32.dll
0x00007ff8d3fd0000 - 0x00007ff8d4078000 	C:\WINDOWS\System32\sechost.dll
0x00007ff8d1810000 - 0x00007ff8d1838000 	C:\WINDOWS\System32\bcrypt.dll
0x00007ff8d41c0000 - 0x00007ff8d42d5000 	C:\WINDOWS\System32\RPCRT4.dll
0x00007ff8b4940000 - 0x00007ff8b4949000 	C:\WINDOWS\SYSTEM32\WSOCK32.dll
0x00007ff8d0670000 - 0x00007ff8d06bd000 	C:\WINDOWS\SYSTEM32\POWRPROF.dll
0x00007ff8c9270000 - 0x00007ff8c92a4000 	C:\WINDOWS\SYSTEM32\WINMM.dll
0x00007ff8d34c0000 - 0x00007ff8d3531000 	C:\WINDOWS\System32\WS2_32.dll
0x00007ff8ca210000 - 0x00007ff8ca21a000 	C:\WINDOWS\SYSTEM32\VERSION.dll
0x00007ff8d0650000 - 0x00007ff8d0663000 	C:\WINDOWS\SYSTEM32\UMPDC.dll
0x00007ff8d0900000 - 0x00007ff8d0918000 	C:\WINDOWS\SYSTEM32\kernel.appcore.dll
0x00007ff8ceba0000 - 0x00007ff8cebaa000 	C:\Program Files\JetBrains\WebStorm 2023.3.4\jbr\bin\jimage.dll
0x00007ff8c9450000 - 0x00007ff8c9683000 	C:\WINDOWS\SYSTEM32\DBGHELP.DLL
0x00007ff8d3130000 - 0x00007ff8d34b8000 	C:\WINDOWS\System32\combase.dll
0x00007ff8d3700000 - 0x00007ff8d37d7000 	C:\WINDOWS\System32\OLEAUT32.dll
0x00007ff8c92b0000 - 0x00007ff8c92e2000 	C:\WINDOWS\SYSTEM32\dbgcore.DLL
0x00007ff8d1960000 - 0x00007ff8d19d9000 	C:\WINDOWS\System32\bcryptPrimitives.dll
0x00007ff8ae250000 - 0x00007ff8ae275000 	C:\Program Files\JetBrains\WebStorm 2023.3.4\jbr\bin\java.dll

dbghelp: loaded successfully - version: 4.0.5 - missing functions: none
symbol engine: initialized successfully - sym options: 0x614 - pdb path: .;C:\Program Files\JetBrains\WebStorm 2023.3.4\jbr\bin;C:\WINDOWS\SYSTEM32;C:\WINDOWS\WinSxS\amd64_microsoft.windows.common-controls_6595b64144ccf1df_6.0.22621.3235_none_270f74e173860f98;C:\Program Files\JetBrains\WebStorm 2023.3.4\jbr\bin\server

VM Arguments:
java_command: git4idea.http.GitAskPassApp Username for 'https://github.com': 
java_class_path (initial): C:/Program Files/JetBrains/WebStorm 2023.3.4/plugins/vcs-git/lib/git4idea-rt.jar;C:/Program Files/JetBrains/WebStorm 2023.3.4/lib/externalProcess-rt.jar
Launcher Type: SUN_STANDARD

[Global flags]
     intx CICompilerCount                          = 4                                         {product} {ergonomic}
     uint ConcGCThreads                            = 3                                         {product} {ergonomic}
     uint G1ConcRefinementThreads                  = 10                                        {product} {ergonomic}
   size_t G1HeapRegionSize                         = 4194304                                   {product} {ergonomic}
    uintx GCDrainStackTargetSize                   = 64                                        {product} {ergonomic}
   size_t InitialHeapSize                          = 536870912                                 {product} {ergonomic}
   size_t MarkStackSize                            = 4194304                                   {product} {ergonomic}
   size_t MaxHeapSize                              = 8573157376                                {product} {ergonomic}
   size_t MinHeapDeltaBytes                        = 4194304                                   {product} {ergonomic}
   size_t MinHeapSize                              = 8388608                                   {product} {ergonomic}
    uintx NonNMethodCodeHeapSize                   = 5839372                                {pd product} {ergonomic}
    uintx NonProfiledCodeHeapSize                  = 122909434                              {pd product} {ergonomic}
    uintx ProfiledCodeHeapSize                     = 122909434                              {pd product} {ergonomic}
    uintx ReservedCodeCacheSize                    = 251658240                              {pd product} {ergonomic}
     bool SegmentedCodeCache                       = true                                      {product} {ergonomic}
   size_t SoftMaxHeapSize                          = 8573157376                             {manageable} {ergonomic}
     bool UseCompressedClassPointers               = true                           {product lp64_product} {ergonomic}
     bool UseCompressedOops                        = true                           {product lp64_product} {ergonomic}
     bool UseG1GC                                  = true                                      {product} {ergonomic}
     bool UseLargePagesIndividualAllocation        = false                                  {pd product} {ergonomic}

Logging:
Log output configuration:
 #0: stdout all=warning uptime,level,tags
 #1: stderr all=off uptime,level,tags

Environment Variables:
PATH=C:\Program Files\Git\mingw64\libexec\git-core;C:\Program Files\Git\mingw64\libexec\git-core;C:\Program Files\Git\mingw64\bin;C:\Program Files\Git\usr\bin;C:\Users\Ben Zeng\bin;C:\Program Files\Common Files\Oracle\Java\javapath;C:\Program Files (x86)\Common Files\Oracle\Java\javapath;C:\Windows\system32;C:\Windows;C:\Windows\System32\Wbem;C:\Windows\System32\WindowsPowerShell\v1.0;C:\Windows\System32\OpenSSH;C:\Program Files (x86)\NVIDIA Corporation\PhysX\Common;C:\Program Files\NVIDIA Corporation\NVIDIA NvDLISR;C:\WINDOWS\system32;C:\WINDOWS;C:\WINDOWS\System32\Wbem;C:\WINDOWS\System32\WindowsPowerShell\v1.0;C:\WINDOWS\System32\OpenSSH;C:\Program Files\MATLAB\R2023b\bin;C:\Program Files\MATLAB\R2022a\bin;C:\Program Files\Git\cmd;C:\Program Files\Docker\Docker\resources\bin;C:\Program Files\PuTTY;C:\Program Files\nodejs;C:\ProgramData\chocolatey\bin;C:\Program Files\dotnet;C:\Users\Ben Zeng\AppData\Local\Programs\Python\Launcher;C:\Users\Ben Zeng\AppData\Roaming\TinyTeX\bin\win32;C:\Program Files\MySQL\MySQL Shell 8.0\bin;C:\Users\Ben Zeng\AppData\Local\Microsoft\WindowsApps;C:\Program Files\JetBrains\IntelliJ IDEA Community Edition 2021.2.2\bin;C:\Users\Ben Zeng\AppData\Local\Programs\Microsoft VS Code\bin;C:\msys64\mingw64\bin;C:\Users\Ben Zeng\AppData\Local\Programs\MiKTeX\miktex\bin\x64;C:\Users\Ben Zeng\AppData\Roaming\npm;C:\ProgramData\Ben Zeng\GitHubDesktop\bin
USERNAME=Ben Zeng
DISPLAY=:0.0
LC_ALL=en_US.UTF-8
TERM=xterm-256color
TMPDIR=C:\Users\BENZEN~1\AppData\Local\Temp
OS=Windows_NT
PROCESSOR_IDENTIFIER=AMD64 Family 25 Model 33 Stepping 0, AuthenticAMD
TMP=C:\Users\BENZEN~1\AppData\Local\Temp
TEMP=C:\Users\BENZEN~1\AppData\Local\Temp



Periodic native trim disabled

JNI global refs:
JNI global refs: 0, weak refs: 0

JNI global refs memory usage: 0, weak refs: 0

OOME stack traces (most recent first):
Classloader memory used:


---------------  S Y S T E M  ---------------

OS:
 Windows 11 , 64 bit Build 22621 (10.0.22621.3374)
OS uptime: 5 days 20:30 hours
Hyper-V role detected

CPU: total 12 (initial active 12) (12 cores per cpu, 2 threads per core) family 25 model 33 stepping 0 microcode 0x0, cx8, cmov, fxsr, ht, mmx, 3dnowpref, sse, sse2, sse3, ssse3, sse4a, sse4.1, sse4.2, popcnt, lzcnt, tsc, tscinvbit, avx, avx2, aes, erms, clmul, bmi1, bmi2, adx, sha, fma, vzeroupper, clflush, clflushopt, hv
Processor Information for all 12 processors :
  Max Mhz: 3701, Current Mhz: 3701, Mhz Limit: 3701

Memory: 4k page, system-wide physical 32694M (9499M free)
TotalPageFile size 37676M (AvailPageFile size 745M)
current process WorkingSet (physical memory assigned to process): 12M, peak: 12M
current process commit charge ("private bytes"): 64M, peak: 576M

vm_info: OpenJDK 64-Bit Server VM (17.0.10+1-b1087.23) for windows-amd64 JRE (17.0.10+1-b1087.23), built on 2024-03-18 by "builduser" with MS VC++ 16.10 / 16.11 (VS2019)

END.
